<?xml version="1.0" encoding="UTF-8"?>
<!-- Generated by org.testng.reporters.JUnitReportReporter -->
<testsuite hostname="192.168.1.68" failures="0" tests="2" name="com.djamo.qa.tests.SearchAndNavigateTest" time="43.396" errors="1" timestamp="2025-06-14T23:18:55 GMT" skipped="1">
  <testcase classname="com.djamo.qa.tests.SearchAndNavigateTest" name="testSearchAndNavigate" time="20.507">
    <error message="Expected condition failed: waiting for element to be clickable: By.id: com.google.android.apps.maps:id/directions_button (tried for 15 second(s) with 500 milliseconds interval)
Build info: version: &#039;4.33.0&#039;, revision: &#039;2c6aaad03a&#039;
System info: os.name: &#039;Mac OS X&#039;, os.arch: &#039;aarch64&#039;, os.version: &#039;15.4.1&#039;, java.version: &#039;21.0.5&#039;
Driver info: io.appium.java_client.android.AndroidDriver
Capabilities {appium:appActivity: com.google.android.maps.Map..., appium:appPackage: com.google.android.apps.maps, appium:automationName: UiAutomator2, appium:databaseEnabled: false, appium:desired: {appActivity: com.google.android.maps.Map..., appPackage: com.google.android.apps.maps, automationName: UiAutomator2, deviceName: emulator-5554, platformName: ANDROID}, appium:deviceApiLevel: 33, appium:deviceManufacturer: Google, appium:deviceModel: sdk_gphone64_arm64, appium:deviceName: emulator-5554, appium:deviceScreenDensity: 440, appium:deviceScreenSize: 1080x2340, appium:deviceUDID: emulator-5554, appium:javascriptEnabled: true, appium:locationContextEnabled: false, appium:networkConnectionEnabled: true, appium:pixelRatio: 2.75, appium:platformVersion: 13, appium:statBarHeight: 145, appium:takesScreenshot: true, appium:viewportRect: {height: 2195, left: 0, top: 145, width: 1080}, appium:warnings: {}, appium:webStorageEnabled: false, platformName: ANDROID}
Session ID: c4c728a6-e38c-4140-8ac2-13d4265d11fd" type="org.openqa.selenium.TimeoutException">
      <![CDATA[org.openqa.selenium.TimeoutException: Expected condition failed: waiting for element to be clickable: By.id: com.google.android.apps.maps:id/directions_button (tried for 15 second(s) with 500 milliseconds interval)
Build info: version: '4.33.0', revision: '2c6aaad03a'
System info: os.name: 'Mac OS X', os.arch: 'aarch64', os.version: '15.4.1', java.version: '21.0.5'
Driver info: io.appium.java_client.android.AndroidDriver
Capabilities {appium:appActivity: com.google.android.maps.Map..., appium:appPackage: com.google.android.apps.maps, appium:automationName: UiAutomator2, appium:databaseEnabled: false, appium:desired: {appActivity: com.google.android.maps.Map..., appPackage: com.google.android.apps.maps, automationName: UiAutomator2, deviceName: emulator-5554, platformName: ANDROID}, appium:deviceApiLevel: 33, appium:deviceManufacturer: Google, appium:deviceModel: sdk_gphone64_arm64, appium:deviceName: emulator-5554, appium:deviceScreenDensity: 440, appium:deviceScreenSize: 1080x2340, appium:deviceUDID: emulator-5554, appium:javascriptEnabled: true, appium:locationContextEnabled: false, appium:networkConnectionEnabled: true, appium:pixelRatio: 2.75, appium:platformVersion: 13, appium:statBarHeight: 145, appium:takesScreenshot: true, appium:viewportRect: {height: 2195, left: 0, top: 145, width: 1080}, appium:warnings: {}, appium:webStorageEnabled: false, platformName: ANDROID}
Session ID: c4c728a6-e38c-4140-8ac2-13d4265d11fd
at org.openqa.selenium.support.ui.WebDriverWait.timeoutException(WebDriverWait.java:84)
at org.openqa.selenium.support.ui.FluentWait.until(FluentWait.java:228)
at com.djamo.qa.pages.SearchAndNavigatePage.clickItinerary(SearchAndNavigatePage.java:65)
at com.djamo.qa.tests.SearchAndNavigateTest.testSearchAndNavigate(SearchAndNavigateTest.java:46)
at java.base/jdk.internal.reflect.DirectMethodHandleAccessor.invoke(DirectMethodHandleAccessor.java:103)
at java.base/java.lang.reflect.Method.invoke(Method.java:580)
at org.testng.internal.invokers.MethodInvocationHelper.invokeMethod(MethodInvocationHelper.java:141)
at org.testng.internal.invokers.TestInvoker.invokeMethod(TestInvoker.java:687)
at org.testng.internal.invokers.TestInvoker.retryFailed(TestInvoker.java:269)
at org.testng.internal.invokers.MethodRunner.runInSequence(MethodRunner.java:76)
at org.testng.internal.invokers.TestInvoker$MethodInvocationAgent.invoke(TestInvoker.java:995)
at org.testng.internal.invokers.TestInvoker.invokeTestMethods(TestInvoker.java:203)
at org.testng.internal.invokers.TestMethodWorker.invokeTestMethods(TestMethodWorker.java:154)
at org.testng.internal.invokers.TestMethodWorker.run(TestMethodWorker.java:134)
at java.base/java.util.ArrayList.forEach(ArrayList.java:1596)
at org.testng.TestRunner.privateRun(TestRunner.java:741)
at org.testng.TestRunner.run(TestRunner.java:616)
at org.testng.SuiteRunner.runTest(SuiteRunner.java:421)
at org.testng.SuiteRunner$SuiteWorker.run(SuiteRunner.java:463)
at org.testng.internal.thread.ThreadUtil.lambda$execute$0(ThreadUtil.java:64)
at java.base/java.util.concurrent.FutureTask.run(FutureTask.java:317)
at java.base/java.util.concurrent.ThreadPoolExecutor.runWorker(ThreadPoolExecutor.java:1144)
at java.base/java.util.concurrent.ThreadPoolExecutor$Worker.run(ThreadPoolExecutor.java:642)
at java.base/java.lang.Thread.run(Thread.java:1583)
]]>
    </error>
  </testcase> <!-- testSearchAndNavigate -->
  <testcase classname="com.djamo.qa.tests.SearchAndNavigateTest" name="testSearchAndNavigate" time="22.889">
    <skipped/>
  </testcase> <!-- testSearchAndNavigate -->
</testsuite> <!-- com.djamo.qa.tests.SearchAndNavigateTest -->
